<?xml version="1.0" encoding="windows-1252" standalone="no"?>
<!DOCTYPE log SYSTEM "logger.dtd">
<log>
</log>
<?xml version="1.0" encoding="windows-1252" standalone="no"?>
<!DOCTYPE log SYSTEM "logger.dtd">
<log>
<record>
  <date>2023-03-28T10:35:16.101304900Z</date>
  <millis>1679999716101</millis>
  <nanos>304900</nanos>
  <sequence>0</sequence>
  <logger>global</logger>
  <level>WARNING</level>
  <class>seedu.duke.SecureNUSTesteTest</class>
  <method>executeCommandNotExitFalse</method>
  <thread>1</thread>
  <message>DukeTest - executeCommand: </message>
  <exception>
    <message>java.lang.RuntimeException: seedu.secureNUS.exceptions.RepeatedIdException</message>
    <frame>
      <class>seedu.secureNUS.command.AddStudentIDCommand</class>
      <method>execute</method>
      <line>32</line>
    </frame>
    <frame>
      <class>seedu.duke.SecureNUS.Duke</class>
      <method>executeCommand</method>
      <line>58</line>
    </frame>
    <frame>
      <class>seedu.duke.SecureNUSTesteTest</class>
      <method>executeCommandNotExitFalse</method>
      <line>33</line>
    </frame>
    <frame>
      <class>jdk.internal.reflect.NativeMethodAccessorImpl</class>
      <method>invoke0</method>
    </frame>
    <frame>
      <class>jdk.internal.reflect.NativeMethodAccessorImpl</class>
      <method>invoke</method>
      <line>62</line>
    </frame>
    <frame>
      <class>jdk.internal.reflect.DelegatingMethodAccessorImpl</class>
      <method>invoke</method>
      <line>43</line>
    </frame>
    <frame>
      <class>java.lang.reflect.Method</class>
      <method>invoke</method>
      <line>566</line>
    </frame>
    <frame>
      <class>org.junit.platform.commons.util.ReflectionUtils</class>
      <method>invokeMethod</method>
      <line>675</line>
    </frame>
    <frame>
      <class>org.junit.jupiter.engine.execution.MethodInvocation</class>
      <method>proceed</method>
      <line>60</line>
    </frame>
    <frame>
      <class>org.junit.jupiter.engine.execution.InvocationInterceptorChain$ValidatingInvocation</class>
      <method>proceed</method>
      <line>125</line>
    </frame>
    <frame>
      <class>org.junit.jupiter.engine.extension.TimeoutExtension</class>
      <method>intercept</method>
      <line>132</line>
    </frame>
    <frame>
      <class>org.junit.jupiter.engine.extension.TimeoutExtension</class>
      <method>interceptTestableMethod</method>
      <line>124</line>
    </frame>
    <frame>
      <class>org.junit.jupiter.engine.extension.TimeoutExtension</class>
      <method>interceptTestMethod</method>
      <line>74</line>
    </frame>
    <frame>
      <class>org.junit.jupiter.engine.execution.ExecutableInvoker$ReflectiveInterceptorCall</class>
      <method>lambda$ofVoidMethod$0</method>
      <line>115</line>
    </frame>
    <frame>
      <class>org.junit.jupiter.engine.execution.ExecutableInvoker</class>
      <method>lambda$invoke$0</method>
      <line>105</line>
    </frame>
    <frame>
      <class>org.junit.jupiter.engine.execution.InvocationInterceptorChain$InterceptedInvocation</class>
      <method>proceed</method>
      <line>104</line>
    </frame>
    <frame>
      <class>org.junit.jupiter.engine.execution.InvocationInterceptorChain</class>
      <method>proceed</method>
      <line>62</line>
    </frame>
    <frame>
      <class>org.junit.jupiter.engine.execution.InvocationInterceptorChain</class>
      <method>chainAndInvoke</method>
      <line>43</line>
    </frame>
    <frame>
      <class>org.junit.jupiter.engine.execution.InvocationInterceptorChain</class>
      <method>invoke</method>
      <line>35</line>
    </frame>
    <frame>
      <class>org.junit.jupiter.engine.execution.ExecutableInvoker</class>
      <method>invoke</method>
      <line>104</line>
    </frame>
    <frame>
      <class>org.junit.jupiter.engine.execution.ExecutableInvoker</class>
      <method>invoke</method>
      <line>98</line>
    </frame>
    <frame>
      <class>org.junit.jupiter.engine.descriptor.TestMethodTestDescriptor</class>
      <method>lambda$invokeTestMethod$6</method>
      <line>202</line>
    </frame>
    <frame>
      <class>org.junit.platform.engine.support.hierarchical.ThrowableCollector</class>
      <method>execute</method>
      <line>73</line>
    </frame>
    <frame>
      <class>org.junit.jupiter.engine.descriptor.TestMethodTestDescriptor</class>
      <method>invokeTestMethod</method>
      <line>198</line>
    </frame>
    <frame>
      <class>org.junit.jupiter.engine.descriptor.TestMethodTestDescriptor</class>
      <method>execute</method>
      <line>135</line>
    </frame>
    <frame>
      <class>org.junit.jupiter.engine.descriptor.TestMethodTestDescriptor</class>
      <method>execute</method>
      <line>69</line>
    </frame>
    <frame>
      <class>org.junit.platform.engine.support.hierarchical.NodeTestTask</class>
      <method>lambda$executeRecursively$5</method>
      <line>135</line>
    </frame>
    <frame>
      <class>org.junit.platform.engine.support.hierarchical.ThrowableCollector</class>
      <method>execute</method>
      <line>73</line>
    </frame>
    <frame>
      <class>org.junit.platform.engine.support.hierarchical.NodeTestTask</class>
      <method>lambda$executeRecursively$7</method>
      <line>125</line>
    </frame>
    <frame>
      <class>org.junit.platform.engine.support.hierarchical.Node</class>
      <method>around</method>
      <line>135</line>
    </frame>
    <frame>
      <class>org.junit.platform.engine.support.hierarchical.NodeTestTask</class>
      <method>lambda$executeRecursively$8</method>
      <line>123</line>
    </frame>
    <frame>
      <class>org.junit.platform.engine.support.hierarchical.ThrowableCollector</class>
      <method>execute</method>
      <line>73</line>
    </frame>
    <frame>
      <class>org.junit.platform.engine.support.hierarchical.NodeTestTask</class>
      <method>executeRecursively</method>
      <line>122</line>
    </frame>
    <frame>
      <class>org.junit.platform.engine.support.hierarchical.NodeTestTask</class>
      <method>execute</method>
      <line>80</line>
    </frame>
    <frame>
      <class>java.util.ArrayList</class>
      <method>forEach</method>
      <line>1541</line>
    </frame>
    <frame>
      <class>org.junit.platform.engine.support.hierarchical.SameThreadHierarchicalTestExecutorService</class>
      <method>invokeAll</method>
      <line>38</line>
    </frame>
    <frame>
      <class>org.junit.platform.engine.support.hierarchical.NodeTestTask</class>
      <method>lambda$executeRecursively$5</method>
      <line>139</line>
    </frame>
    <frame>
      <class>org.junit.platform.engine.support.hierarchical.ThrowableCollector</class>
      <method>execute</method>
      <line>73</line>
    </frame>
    <frame>
      <class>org.junit.platform.engine.support.hierarchical.NodeTestTask</class>
      <method>lambda$executeRecursively$7</method>
      <line>125</line>
    </frame>
    <frame>
      <class>org.junit.platform.engine.support.hierarchical.Node</class>
      <method>around</method>
      <line>135</line>
    </frame>
    <frame>
      <class>org.junit.platform.engine.support.hierarchical.NodeTestTask</class>
      <method>lambda$executeRecursively$8</method>
      <line>123</line>
    </frame>
    <frame>
      <class>org.junit.platform.engine.support.hierarchical.ThrowableCollector</class>
      <method>execute</method>
      <line>73</line>
    </frame>
    <frame>
      <class>org.junit.platform.engine.support.hierarchical.NodeTestTask</class>
      <method>executeRecursively</method>
      <line>122</line>
    </frame>
    <frame>
      <class>org.junit.platform.engine.support.hierarchical.NodeTestTask</class>
      <method>execute</method>
      <line>80</line>
    </frame>
    <frame>
      <class>java.util.ArrayList</class>
      <method>forEach</method>
      <line>1541</line>
    </frame>
    <frame>
      <class>org.junit.platform.engine.support.hierarchical.SameThreadHierarchicalTestExecutorService</class>
      <method>invokeAll</method>
      <line>38</line>
    </frame>
    <frame>
      <class>org.junit.platform.engine.support.hierarchical.NodeTestTask</class>
      <method>lambda$executeRecursively$5</method>
      <line>139</line>
    </frame>
    <frame>
      <class>org.junit.platform.engine.support.hierarchical.ThrowableCollector</class>
      <method>execute</method>
      <line>73</line>
    </frame>
    <frame>
      <class>org.junit.platform.engine.support.hierarchical.NodeTestTask</class>
      <method>lambda$executeRecursively$7</method>
      <line>125</line>
    </frame>
    <frame>
      <class>org.junit.platform.engine.support.hierarchical.Node</class>
      <method>around</method>
      <line>135</line>
    </frame>
    <frame>
      <class>org.junit.platform.engine.support.hierarchical.NodeTestTask</class>
      <method>lambda$executeRecursively$8</method>
      <line>123</line>
    </frame>
    <frame>
      <class>org.junit.platform.engine.support.hierarchical.ThrowableCollector</class>
      <method>execute</method>
      <line>73</line>
    </frame>
    <frame>
      <class>org.junit.platform.engine.support.hierarchical.NodeTestTask</class>
      <method>executeRecursively</method>
      <line>122</line>
    </frame>
    <frame>
      <class>org.junit.platform.engine.support.hierarchical.NodeTestTask</class>
      <method>execute</method>
      <line>80</line>
    </frame>
    <frame>
      <class>org.junit.platform.engine.support.hierarchical.SameThreadHierarchicalTestExecutorService</class>
      <method>submit</method>
      <line>32</line>
    </frame>
    <frame>
      <class>org.junit.platform.engine.support.hierarchical.HierarchicalTestExecutor</class>
      <method>execute</method>
      <line>57</line>
    </frame>
    <frame>
      <class>org.junit.platform.engine.support.hierarchical.HierarchicalTestEngine</class>
      <method>execute</method>
      <line>51</line>
    </frame>
    <frame>
      <class>org.junit.platform.launcher.core.EngineExecutionOrchestrator</class>
      <method>execute</method>
      <line>108</line>
    </frame>
    <frame>
      <class>org.junit.platform.launcher.core.EngineExecutionOrchestrator</class>
      <method>execute</method>
      <line>88</line>
    </frame>
    <frame>
      <class>org.junit.platform.launcher.core.EngineExecutionOrchestrator</class>
      <method>lambda$execute$0</method>
      <line>54</line>
    </frame>
    <frame>
      <class>org.junit.platform.launcher.core.EngineExecutionOrchestrator</class>
      <method>withInterceptedStreams</method>
      <line>67</line>
    </frame>
    <frame>
      <class>org.junit.platform.launcher.core.EngineExecutionOrchestrator</class>
      <method>execute</method>
      <line>52</line>
    </frame>
    <frame>
      <class>org.junit.platform.launcher.core.DefaultLauncher</class>
      <method>execute</method>
      <line>96</line>
    </frame>
    <frame>
      <class>org.junit.platform.launcher.core.DefaultLauncher</class>
      <method>execute</method>
      <line>75</line>
    </frame>
    <frame>
      <class>org.gradle.api.internal.tasks.testing.junitplatform.JUnitPlatformTestClassProcessor$CollectAllTestClassesExecutor</class>
      <method>processAllTestClasses</method>
      <line>99</line>
    </frame>
    <frame>
      <class>org.gradle.api.internal.tasks.testing.junitplatform.JUnitPlatformTestClassProcessor$CollectAllTestClassesExecutor</class>
      <method>access$000</method>
      <line>79</line>
    </frame>
    <frame>
      <class>org.gradle.api.internal.tasks.testing.junitplatform.JUnitPlatformTestClassProcessor</class>
      <method>stop</method>
      <line>75</line>
    </frame>
    <frame>
      <class>org.gradle.api.internal.tasks.testing.SuiteTestClassProcessor</class>
      <method>stop</method>
      <line>61</line>
    </frame>
    <frame>
      <class>jdk.internal.reflect.NativeMethodAccessorImpl</class>
      <method>invoke0</method>
    </frame>
    <frame>
      <class>jdk.internal.reflect.NativeMethodAccessorImpl</class>
      <method>invoke</method>
      <line>62</line>
    </frame>
    <frame>
      <class>jdk.internal.reflect.DelegatingMethodAccessorImpl</class>
      <method>invoke</method>
      <line>43</line>
    </frame>
    <frame>
      <class>java.lang.reflect.Method</class>
      <method>invoke</method>
      <line>566</line>
    </frame>
    <frame>
      <class>org.gradle.internal.dispatch.ReflectionDispatch</class>
      <method>dispatch</method>
      <line>36</line>
    </frame>
    <frame>
      <class>org.gradle.internal.dispatch.ReflectionDispatch</class>
      <method>dispatch</method>
      <line>24</line>
    </frame>
    <frame>
      <class>org.gradle.internal.dispatch.ContextClassLoaderDispatch</class>
      <method>dispatch</method>
      <line>33</line>
    </frame>
    <frame>
      <class>org.gradle.internal.dispatch.ProxyDispatchAdapter$DispatchingInvocationHandler</class>
      <method>invoke</method>
      <line>94</line>
    </frame>
    <frame>
      <class>com.sun.proxy.$Proxy2</class>
      <method>stop</method>
    </frame>
    <frame>
      <class>org.gradle.api.internal.tasks.testing.worker.TestWorker$3</class>
      <method>run</method>
      <line>193</line>
    </frame>
    <frame>
      <class>org.gradle.api.internal.tasks.testing.worker.TestWorker</class>
      <method>executeAndMaintainThreadName</method>
      <line>129</line>
    </frame>
    <frame>
      <class>org.gradle.api.internal.tasks.testing.worker.TestWorker</class>
      <method>execute</method>
      <line>100</line>
    </frame>
    <frame>
      <class>org.gradle.api.internal.tasks.testing.worker.TestWorker</class>
      <method>execute</method>
      <line>60</line>
    </frame>
    <frame>
      <class>org.gradle.process.internal.worker.child.ActionExecutionWorker</class>
      <method>execute</method>
      <line>56</line>
    </frame>
    <frame>
      <class>org.gradle.process.internal.worker.child.SystemApplicationClassLoaderWorker</class>
      <method>call</method>
      <line>133</line>
    </frame>
    <frame>
      <class>org.gradle.process.internal.worker.child.SystemApplicationClassLoaderWorker</class>
      <method>call</method>
      <line>71</line>
    </frame>
    <frame>
      <class>worker.org.gradle.process.internal.worker.GradleWorkerMain</class>
      <method>run</method>
      <line>69</line>
    </frame>
    <frame>
      <class>worker.org.gradle.process.internal.worker.GradleWorkerMain</class>
      <method>main</method>
      <line>74</line>
    </frame>
  </exception>
</record>
</log>
<?xml version="1.0" encoding="windows-1252" standalone="no"?>
<!DOCTYPE log SYSTEM "logger.dtd">
<log>
</log>
<?xml version="1.0" encoding="windows-1252" standalone="no"?>
<!DOCTYPE log SYSTEM "logger.dtd">
<log>
</log>
<?xml version="1.0" encoding="windows-1252" standalone="no"?>
<!DOCTYPE log SYSTEM "logger.dtd">
<log>
<record>
  <date>2023-03-28T10:42:30.265360900Z</date>
  <millis>1680000150265</millis>
  <nanos>360900</nanos>
  <sequence>0</sequence>
  <logger>global</logger>
  <level>WARNING</level>
  <class>seedu.duke.SecureNUSTesteTest</class>
  <method>executeCommandNotExitFalse</method>
  <thread>1</thread>
  <message>DukeTest - executeCommand: </message>
  <exception>
    <message>java.lang.RuntimeException: seedu.secureNUS.exceptions.RepeatedIdException</message>
    <frame>
      <class>seedu.secureNUS.command.AddStudentIDCommand</class>
      <method>execute</method>
      <line>32</line>
    </frame>
    <frame>
      <class>seedu.duke.SecureNUS.Duke</class>
      <method>executeCommand</method>
      <line>58</line>
    </frame>
    <frame>
      <class>seedu.duke.SecureNUSTesteTest</class>
      <method>executeCommandNotExitFalse</method>
      <line>32</line>
    </frame>
    <frame>
      <class>jdk.internal.reflect.NativeMethodAccessorImpl</class>
      <method>invoke0</method>
    </frame>
    <frame>
      <class>jdk.internal.reflect.NativeMethodAccessorImpl</class>
      <method>invoke</method>
      <line>62</line>
    </frame>
    <frame>
      <class>jdk.internal.reflect.DelegatingMethodAccessorImpl</class>
      <method>invoke</method>
      <line>43</line>
    </frame>
    <frame>
      <class>java.lang.reflect.Method</class>
      <method>invoke</method>
      <line>566</line>
    </frame>
    <frame>
      <class>org.junit.platform.commons.util.ReflectionUtils</class>
      <method>invokeMethod</method>
      <line>675</line>
    </frame>
    <frame>
      <class>org.junit.jupiter.engine.execution.MethodInvocation</class>
      <method>proceed</method>
      <line>60</line>
    </frame>
    <frame>
      <class>org.junit.jupiter.engine.execution.InvocationInterceptorChain$ValidatingInvocation</class>
      <method>proceed</method>
      <line>125</line>
    </frame>
    <frame>
      <class>org.junit.jupiter.engine.extension.TimeoutExtension</class>
      <method>intercept</method>
      <line>132</line>
    </frame>
    <frame>
      <class>org.junit.jupiter.engine.extension.TimeoutExtension</class>
      <method>interceptTestableMethod</method>
      <line>124</line>
    </frame>
    <frame>
      <class>org.junit.jupiter.engine.extension.TimeoutExtension</class>
      <method>interceptTestMethod</method>
      <line>74</line>
    </frame>
    <frame>
      <class>org.junit.jupiter.engine.execution.ExecutableInvoker$ReflectiveInterceptorCall</class>
      <method>lambda$ofVoidMethod$0</method>
      <line>115</line>
    </frame>
    <frame>
      <class>org.junit.jupiter.engine.execution.ExecutableInvoker</class>
      <method>lambda$invoke$0</method>
      <line>105</line>
    </frame>
    <frame>
      <class>org.junit.jupiter.engine.execution.InvocationInterceptorChain$InterceptedInvocation</class>
      <method>proceed</method>
      <line>104</line>
    </frame>
    <frame>
      <class>org.junit.jupiter.engine.execution.InvocationInterceptorChain</class>
      <method>proceed</method>
      <line>62</line>
    </frame>
    <frame>
      <class>org.junit.jupiter.engine.execution.InvocationInterceptorChain</class>
      <method>chainAndInvoke</method>
      <line>43</line>
    </frame>
    <frame>
      <class>org.junit.jupiter.engine.execution.InvocationInterceptorChain</class>
      <method>invoke</method>
      <line>35</line>
    </frame>
    <frame>
      <class>org.junit.jupiter.engine.execution.ExecutableInvoker</class>
      <method>invoke</method>
      <line>104</line>
    </frame>
    <frame>
      <class>org.junit.jupiter.engine.execution.ExecutableInvoker</class>
      <method>invoke</method>
      <line>98</line>
    </frame>
    <frame>
      <class>org.junit.jupiter.engine.descriptor.TestMethodTestDescriptor</class>
      <method>lambda$invokeTestMethod$6</method>
      <line>202</line>
    </frame>
    <frame>
      <class>org.junit.platform.engine.support.hierarchical.ThrowableCollector</class>
      <method>execute</method>
      <line>73</line>
    </frame>
    <frame>
      <class>org.junit.jupiter.engine.descriptor.TestMethodTestDescriptor</class>
      <method>invokeTestMethod</method>
      <line>198</line>
    </frame>
    <frame>
      <class>org.junit.jupiter.engine.descriptor.TestMethodTestDescriptor</class>
      <method>execute</method>
      <line>135</line>
    </frame>
    <frame>
      <class>org.junit.jupiter.engine.descriptor.TestMethodTestDescriptor</class>
      <method>execute</method>
      <line>69</line>
    </frame>
    <frame>
      <class>org.junit.platform.engine.support.hierarchical.NodeTestTask</class>
      <method>lambda$executeRecursively$5</method>
      <line>135</line>
    </frame>
    <frame>
      <class>org.junit.platform.engine.support.hierarchical.ThrowableCollector</class>
      <method>execute</method>
      <line>73</line>
    </frame>
    <frame>
      <class>org.junit.platform.engine.support.hierarchical.NodeTestTask</class>
      <method>lambda$executeRecursively$7</method>
      <line>125</line>
    </frame>
    <frame>
      <class>org.junit.platform.engine.support.hierarchical.Node</class>
      <method>around</method>
      <line>135</line>
    </frame>
    <frame>
      <class>org.junit.platform.engine.support.hierarchical.NodeTestTask</class>
      <method>lambda$executeRecursively$8</method>
      <line>123</line>
    </frame>
    <frame>
      <class>org.junit.platform.engine.support.hierarchical.ThrowableCollector</class>
      <method>execute</method>
      <line>73</line>
    </frame>
    <frame>
      <class>org.junit.platform.engine.support.hierarchical.NodeTestTask</class>
      <method>executeRecursively</method>
      <line>122</line>
    </frame>
    <frame>
      <class>org.junit.platform.engine.support.hierarchical.NodeTestTask</class>
      <method>execute</method>
      <line>80</line>
    </frame>
    <frame>
      <class>java.util.ArrayList</class>
      <method>forEach</method>
      <line>1541</line>
    </frame>
    <frame>
      <class>org.junit.platform.engine.support.hierarchical.SameThreadHierarchicalTestExecutorService</class>
      <method>invokeAll</method>
      <line>38</line>
    </frame>
    <frame>
      <class>org.junit.platform.engine.support.hierarchical.NodeTestTask</class>
      <method>lambda$executeRecursively$5</method>
      <line>139</line>
    </frame>
    <frame>
      <class>org.junit.platform.engine.support.hierarchical.ThrowableCollector</class>
      <method>execute</method>
      <line>73</line>
    </frame>
    <frame>
      <class>org.junit.platform.engine.support.hierarchical.NodeTestTask</class>
      <method>lambda$executeRecursively$7</method>
      <line>125</line>
    </frame>
    <frame>
      <class>org.junit.platform.engine.support.hierarchical.Node</class>
      <method>around</method>
      <line>135</line>
    </frame>
    <frame>
      <class>org.junit.platform.engine.support.hierarchical.NodeTestTask</class>
      <method>lambda$executeRecursively$8</method>
      <line>123</line>
    </frame>
    <frame>
      <class>org.junit.platform.engine.support.hierarchical.ThrowableCollector</class>
      <method>execute</method>
      <line>73</line>
    </frame>
    <frame>
      <class>org.junit.platform.engine.support.hierarchical.NodeTestTask</class>
      <method>executeRecursively</method>
      <line>122</line>
    </frame>
    <frame>
      <class>org.junit.platform.engine.support.hierarchical.NodeTestTask</class>
      <method>execute</method>
      <line>80</line>
    </frame>
    <frame>
      <class>java.util.ArrayList</class>
      <method>forEach</method>
      <line>1541</line>
    </frame>
    <frame>
      <class>org.junit.platform.engine.support.hierarchical.SameThreadHierarchicalTestExecutorService</class>
      <method>invokeAll</method>
      <line>38</line>
    </frame>
    <frame>
      <class>org.junit.platform.engine.support.hierarchical.NodeTestTask</class>
      <method>lambda$executeRecursively$5</method>
      <line>139</line>
    </frame>
    <frame>
      <class>org.junit.platform.engine.support.hierarchical.ThrowableCollector</class>
      <method>execute</method>
      <line>73</line>
    </frame>
    <frame>
      <class>org.junit.platform.engine.support.hierarchical.NodeTestTask</class>
      <method>lambda$executeRecursively$7</method>
      <line>125</line>
    </frame>
    <frame>
      <class>org.junit.platform.engine.support.hierarchical.Node</class>
      <method>around</method>
      <line>135</line>
    </frame>
    <frame>
      <class>org.junit.platform.engine.support.hierarchical.NodeTestTask</class>
      <method>lambda$executeRecursively$8</method>
      <line>123</line>
    </frame>
    <frame>
      <class>org.junit.platform.engine.support.hierarchical.ThrowableCollector</class>
      <method>execute</method>
      <line>73</line>
    </frame>
    <frame>
      <class>org.junit.platform.engine.support.hierarchical.NodeTestTask</class>
      <method>executeRecursively</method>
      <line>122</line>
    </frame>
    <frame>
      <class>org.junit.platform.engine.support.hierarchical.NodeTestTask</class>
      <method>execute</method>
      <line>80</line>
    </frame>
    <frame>
      <class>org.junit.platform.engine.support.hierarchical.SameThreadHierarchicalTestExecutorService</class>
      <method>submit</method>
      <line>32</line>
    </frame>
    <frame>
      <class>org.junit.platform.engine.support.hierarchical.HierarchicalTestExecutor</class>
      <method>execute</method>
      <line>57</line>
    </frame>
    <frame>
      <class>org.junit.platform.engine.support.hierarchical.HierarchicalTestEngine</class>
      <method>execute</method>
      <line>51</line>
    </frame>
    <frame>
      <class>org.junit.platform.launcher.core.EngineExecutionOrchestrator</class>
      <method>execute</method>
      <line>108</line>
    </frame>
    <frame>
      <class>org.junit.platform.launcher.core.EngineExecutionOrchestrator</class>
      <method>execute</method>
      <line>88</line>
    </frame>
    <frame>
      <class>org.junit.platform.launcher.core.EngineExecutionOrchestrator</class>
      <method>lambda$execute$0</method>
      <line>54</line>
    </frame>
    <frame>
      <class>org.junit.platform.launcher.core.EngineExecutionOrchestrator</class>
      <method>withInterceptedStreams</method>
      <line>67</line>
    </frame>
    <frame>
      <class>org.junit.platform.launcher.core.EngineExecutionOrchestrator</class>
      <method>execute</method>
      <line>52</line>
    </frame>
    <frame>
      <class>org.junit.platform.launcher.core.DefaultLauncher</class>
      <method>execute</method>
      <line>96</line>
    </frame>
    <frame>
      <class>org.junit.platform.launcher.core.DefaultLauncher</class>
      <method>execute</method>
      <line>75</line>
    </frame>
    <frame>
      <class>org.gradle.api.internal.tasks.testing.junitplatform.JUnitPlatformTestClassProcessor$CollectAllTestClassesExecutor</class>
      <method>processAllTestClasses</method>
      <line>99</line>
    </frame>
    <frame>
      <class>org.gradle.api.internal.tasks.testing.junitplatform.JUnitPlatformTestClassProcessor$CollectAllTestClassesExecutor</class>
      <method>access$000</method>
      <line>79</line>
    </frame>
    <frame>
      <class>org.gradle.api.internal.tasks.testing.junitplatform.JUnitPlatformTestClassProcessor</class>
      <method>stop</method>
      <line>75</line>
    </frame>
    <frame>
      <class>org.gradle.api.internal.tasks.testing.SuiteTestClassProcessor</class>
      <method>stop</method>
      <line>61</line>
    </frame>
    <frame>
      <class>jdk.internal.reflect.NativeMethodAccessorImpl</class>
      <method>invoke0</method>
    </frame>
    <frame>
      <class>jdk.internal.reflect.NativeMethodAccessorImpl</class>
      <method>invoke</method>
      <line>62</line>
    </frame>
    <frame>
      <class>jdk.internal.reflect.DelegatingMethodAccessorImpl</class>
      <method>invoke</method>
      <line>43</line>
    </frame>
    <frame>
      <class>java.lang.reflect.Method</class>
      <method>invoke</method>
      <line>566</line>
    </frame>
    <frame>
      <class>org.gradle.internal.dispatch.ReflectionDispatch</class>
      <method>dispatch</method>
      <line>36</line>
    </frame>
    <frame>
      <class>org.gradle.internal.dispatch.ReflectionDispatch</class>
      <method>dispatch</method>
      <line>24</line>
    </frame>
    <frame>
      <class>org.gradle.internal.dispatch.ContextClassLoaderDispatch</class>
      <method>dispatch</method>
      <line>33</line>
    </frame>
    <frame>
      <class>org.gradle.internal.dispatch.ProxyDispatchAdapter$DispatchingInvocationHandler</class>
      <method>invoke</method>
      <line>94</line>
    </frame>
    <frame>
      <class>com.sun.proxy.$Proxy2</class>
      <method>stop</method>
    </frame>
    <frame>
      <class>org.gradle.api.internal.tasks.testing.worker.TestWorker$3</class>
      <method>run</method>
      <line>193</line>
    </frame>
    <frame>
      <class>org.gradle.api.internal.tasks.testing.worker.TestWorker</class>
      <method>executeAndMaintainThreadName</method>
      <line>129</line>
    </frame>
    <frame>
      <class>org.gradle.api.internal.tasks.testing.worker.TestWorker</class>
      <method>execute</method>
      <line>100</line>
    </frame>
    <frame>
      <class>org.gradle.api.internal.tasks.testing.worker.TestWorker</class>
      <method>execute</method>
      <line>60</line>
    </frame>
    <frame>
      <class>org.gradle.process.internal.worker.child.ActionExecutionWorker</class>
      <method>execute</method>
      <line>56</line>
    </frame>
    <frame>
      <class>org.gradle.process.internal.worker.child.SystemApplicationClassLoaderWorker</class>
      <method>call</method>
      <line>133</line>
    </frame>
    <frame>
      <class>org.gradle.process.internal.worker.child.SystemApplicationClassLoaderWorker</class>
      <method>call</method>
      <line>71</line>
    </frame>
    <frame>
      <class>worker.org.gradle.process.internal.worker.GradleWorkerMain</class>
      <method>run</method>
      <line>69</line>
    </frame>
    <frame>
      <class>worker.org.gradle.process.internal.worker.GradleWorkerMain</class>
      <method>main</method>
      <line>74</line>
    </frame>
  </exception>
</record>
</log>
<?xml version="1.0" encoding="windows-1252" standalone="no"?>
<!DOCTYPE log SYSTEM "logger.dtd">
<log>
</log>
<?xml version="1.0" encoding="UTF-8" standalone="no"?>
<!DOCTYPE log SYSTEM "logger.dtd">
<log>
</log>
<?xml version="1.0" encoding="UTF-8" standalone="no"?>
<!DOCTYPE log SYSTEM "logger.dtd">
<log>
</log>
<?xml version="1.0" encoding="UTF-8" standalone="no"?>
<!DOCTYPE log SYSTEM "logger.dtd">
<log>
</log>
<?xml version="1.0" encoding="UTF-8" standalone="no"?>
<!DOCTYPE log SYSTEM "logger.dtd">
<log>
</log>
<?xml version="1.0" encoding="UTF-8" standalone="no"?>
<!DOCTYPE log SYSTEM "logger.dtd">
<log>
</log>
<?xml version="1.0" encoding="UTF-8" standalone="no"?>
<!DOCTYPE log SYSTEM "logger.dtd">
<log>
</log>
<?xml version="1.0" encoding="UTF-8" standalone="no"?>
<!DOCTYPE log SYSTEM "logger.dtd">
<log>
</log>
<?xml version="1.0" encoding="UTF-8" standalone="no"?>
<!DOCTYPE log SYSTEM "logger.dtd">
<log>
</log>
<?xml version="1.0" encoding="UTF-8" standalone="no"?>
<!DOCTYPE log SYSTEM "logger.dtd">
<log>
</log>
<?xml version="1.0" encoding="UTF-8" standalone="no"?>
<!DOCTYPE log SYSTEM "logger.dtd">
<log>
<record>
  <date>2023-04-04T09:01:07.761588Z</date>
  <millis>1680598867761</millis>
  <nanos>588000</nanos>
  <sequence>0</sequence>
  <logger>global</logger>
  <level>SEVERE</level>
  <class>seedu.duke.SecureNUS</class>
  <method>executeCommand</method>
  <thread>1</thread>
  <message>Duke - executeCommand</message>
  <exception>
    <message>seedu.duke.exceptions.ExceptionMain: Unknown Error: Basic Password Command</message>
    <frame>
      <class>seedu.duke.command.AddBasicPasswordCommand</class>
      <method>execute</method>
      <line>76</line>
    </frame>
    <frame>
      <class>seedu.duke.SecureNUS</class>
      <method>executeCommand</method>
      <line>131</line>
    </frame>
    <frame>
      <class>seedu.duke.SecureNUS</class>
      <method>run</method>
      <line>77</line>
    </frame>
    <frame>
      <class>seedu.duke.SecureNUS</class>
      <method>main</method>
      <line>54</line>
    </frame>
  </exception>
</record>
</log>
<?xml version="1.0" encoding="UTF-8" standalone="no"?>
<!DOCTYPE log SYSTEM "logger.dtd">
<log>
</log>
<?xml version="1.0" encoding="UTF-8" standalone="no"?>
<!DOCTYPE log SYSTEM "logger.dtd">
<log>
</log>
<?xml version="1.0" encoding="UTF-8" standalone="no"?>
<!DOCTYPE log SYSTEM "logger.dtd">
<log>
</log>
<?xml version="1.0" encoding="UTF-8" standalone="no"?>
<!DOCTYPE log SYSTEM "logger.dtd">
<log>
</log>
<?xml version="1.0" encoding="UTF-8" standalone="no"?>
<!DOCTYPE log SYSTEM "logger.dtd">
<log>
<record>
  <date>2023-04-04T11:43:27.205740Z</date>
  <millis>1680608607205</millis>
  <nanos>740000</nanos>
  <sequence>0</sequence>
  <logger>global</logger>
  <level>SEVERE</level>
  <class>seedu.duke.SecureNUS</class>
  <method>executeCommand</method>
  <thread>1</thread>
  <message>Duke - executeCommand</message>
  <exception>
    <message>seedu.duke.exceptions.ExceptionMain: Unknown Error: Basic Password Command</message>
    <frame>
      <class>seedu.duke.command.AddBasicPasswordCommand</class>
      <method>execute</method>
      <line>76</line>
    </frame>
    <frame>
      <class>seedu.duke.SecureNUS</class>
      <method>executeCommand</method>
      <line>131</line>
    </frame>
    <frame>
      <class>seedu.duke.SecureNUS</class>
      <method>run</method>
      <line>77</line>
    </frame>
    <frame>
      <class>seedu.duke.SecureNUS</class>
      <method>main</method>
      <line>54</line>
    </frame>
  </exception>
</record>
</log>
<?xml version="1.0" encoding="UTF-8" standalone="no"?>
<!DOCTYPE log SYSTEM "logger.dtd">
<log>
</log>
<?xml version="1.0" encoding="UTF-8" standalone="no"?>
<!DOCTYPE log SYSTEM "logger.dtd">
<log>
</log>
<?xml version="1.0" encoding="UTF-8" standalone="no"?>
<!DOCTYPE log SYSTEM "logger.dtd">
<log>
</log>
<?xml version="1.0" encoding="UTF-8" standalone="no"?>
<!DOCTYPE log SYSTEM "logger.dtd">
<log>
</log>
<?xml version="1.0" encoding="UTF-8" standalone="no"?>
<!DOCTYPE log SYSTEM "logger.dtd">
<log>
</log>
<?xml version="1.0" encoding="UTF-8" standalone="no"?>
<!DOCTYPE log SYSTEM "logger.dtd">
<log>
</log>
<?xml version="1.0" encoding="UTF-8" standalone="no"?>
<!DOCTYPE log SYSTEM "logger.dtd">
<log>
</log>
<?xml version="1.0" encoding="UTF-8" standalone="no"?>
<!DOCTYPE log SYSTEM "logger.dtd">
<log>
</log>
<?xml version="1.0" encoding="UTF-8" standalone="no"?>
<!DOCTYPE log SYSTEM "logger.dtd">
<log>
</log>
<?xml version="1.0" encoding="UTF-8" standalone="no"?>
<!DOCTYPE log SYSTEM "logger.dtd">
<log>
</log>
<?xml version="1.0" encoding="UTF-8" standalone="no"?>
<!DOCTYPE log SYSTEM "logger.dtd">
<log>
</log>
<?xml version="1.0" encoding="UTF-8" standalone="no"?>
<!DOCTYPE log SYSTEM "logger.dtd">
<log>
</log>
<?xml version="1.0" encoding="UTF-8" standalone="no"?>
<!DOCTYPE log SYSTEM "logger.dtd">
<log>
</log>
<?xml version="1.0" encoding="UTF-8" standalone="no"?>
<!DOCTYPE log SYSTEM "logger.dtd">
<log>
</log>
<?xml version="1.0" encoding="UTF-8" standalone="no"?>
<!DOCTYPE log SYSTEM "logger.dtd">
<log>
</log>
<?xml version="1.0" encoding="UTF-8" standalone="no"?>
<!DOCTYPE log SYSTEM "logger.dtd">
<log>
</log>
<?xml version="1.0" encoding="UTF-8" standalone="no"?>
<!DOCTYPE log SYSTEM "logger.dtd">
<log>
</log>
